3
51
62
13
84
81 26
0 89
0 93
0 17
0 87
0 81
66 15
66 10
66 78
66 91
39 22
39 90
39 89
71 3
62 53
71 95
74 70
46 89
46 55
46 17
58 7
44 99
58 69
58 49
91 37
52 82
52 53
52 23
18 60
18 13
18 28
8 30
19 88
19 94
19 75
4 72
4 34
4 89
4 95
77 57
77 24
89 41
89 48
89 44
38 99
89 14
37 35
96 99
25 57
25 93
25 21
73 99
24 50
37 13
44 23
20 12
20 90
20 84
20 27
40 63
38 3
15 99
38 56
38 59
68 53
38 21
38 87
70 83
80 99
97 99
80 36
72 59
31 22
72 11
72 9
72 67
72 97
47 26
72 69
33 49
33 82
32 73
93 87
32 86
