5
26
18
21
37
43
100
0 25
0 30
2 93
0 31
0 51
0 76
0 12
0 92
0 2
84 93
0 53
0 4
0 90
0 84
0 78
0 80
0 49
0 52
0 41
0 45
0 13
0 1
0 59
77 93
0 11
0 21
0 23
57 93
23 71
0 82
0 15
42 93
0 3
0 69
55 93
25 93
90 93
0 57
0 67
0 17
0 10
37 75
62 93
0 79
0 38
0 28
0 8
0 48
69 93
30 81
0 6
7 31
7 1
7 58
7 15
7 2
7 27
82 93
81 93
7 6
7 66
7 44
7 61
7 5
7 71
7 14
54 93
7 60
7 90
7 17
7 38
7 46
7 45
7 47
7 22
7 55
7 24
7 69
58 4
7 62
7 73
7 87
7 88
22 93
7 51
7 30
9 8
7 56
7 84
7 9
7 75
7 85
7 50
7 63
7 80
79 74
90 85
79 20
79 77
79 34
