5
6
68
90
37
21
100
0 61
76 16
76 58
76 59
76 70
76 5
25 19
25 47
25 97
25 87
25 53
25 40
31 34
31 53
31 24
31 97
31 19
20 29
31 20
31 13
31 78
29 99
11 33
11 42
96 7
96 55
96 44
96 32
96 46
96 18
96 9
5 84
96 69
58 78
58 64
53 57
62 64
57 99
58 19
58 49
58 5
58 65
58 32
58 43
58 3
45 18
48 60
45 9
45 73
22 72
22 48
64 99
60 99
28 99
22 34
22 40
72 99
22 88
22 74
22 17
22 15
22 85
30 95
30 13
42 2
30 81
30 89
27 99
2 82
12 82
4 49
30 71
30 63
29 33
30 77
2 49
30 57
34 29
87 82
34 42
34 40
34 7
34 85
34 65
64 72
54 92
64 33
64 28
64 69
64 88
91 35
64 97
64 32
63 73
63 91
63 36
63 15
63 14
63 2
63 84
