5
94
51
83
40
60
100
0 24
0 26
0 16
0 21
52 97
61 97
0 1
0 28
0 7
0 10
0 5
0 14
19 50
0 3
0 20
22 50
85 97
0 42
0 44
0 19
0 31
0 22
0 43
0 12
0 17
0 2
0 34
0 39
0 46
0 27
0 47
0 11
0 35
0 4
0 13
0 41
50 97
0 40
5 77
0 25
0 30
0 33
0 8
0 18
0 15
0 29
60 97
0 37
0 6
77 97
0 48
49 97
0 38
0 36
0 23
0 9
0 45
68 97
76 97
32 57
32 75
32 87
32 68
32 74
32 56
42 91
69 97
32 84
41 91
32 78
32 50
32 77
32 96
32 62
32 91
32 61
32 79
91 97
32 51
32 59
47 83
32 66
32 93
32 55
95 97
32 88
32 65
32 89
32 67
32 86
32 64
32 83
32 63
32 90
32 54
32 76
32 53
70 97
32 92
32 71
