5
14
16
75
11
59
100
0 60
0 50
0 26
55 99
0 31
0 41
0 70
0 68
0 5
0 4
0 46
0 87
0 45
63 11
0 13
0 48
0 56
0 63
0 7
0 85
44 99
0 39
0 73
0 19
75 99
0 97
0 80
0 6
0 79
0 9
0 59
0 54
49 99
0 84
29 2
0 22
0 92
4 99
0 72
0 43
33 49
35 99
33 29
33 5
33 70
11 99
33 50
7 99
86 99
33 21
33 74
33 25
94 99
93 99
33 47
80 99
33 84
77 99
33 43
33 36
79 70
33 92
9 99
87 99
33 23
33 54
42 99
70 99
33 46
20 92
33 79
33 52
33 59
33 66
33 2
33 64
33 3
33 69
33 28
33 94
33 83
33 60
33 48
92 99
33 67
33 39
33 40
33 37
33 72
33 32
33 97
33 19
33 58
33 11
33 86
33 45
15 38
15 66
15 45
15 26
