5
69
67
63
28
47
100
0 1
0 8
0 2
0 10
42 56
91 99
48 54
95 99
0 7
0 9
0 3
0 6
0 5
4 13
4 17
66 80
4 18
4 16
4 11
4 15
4 14
4 12
4 20
19 5
19 27
19 23
36 46
19 7
84 93
65 77
36 42
86 90
96 99
70 78
19 26
19 29
19 2
38 49
19 21
19 30
19 8
19 9
19 3
19 25
19 22
24 35
19 10
19 24
19 1
6 12
6 13
6 11
6 18
6 15
6 20
6 16
6 17
14 25
14 23
14 27
14 30
14 24
14 8
14 29
18 27
14 9
14 22
33 43
14 2
14 26
14 5
14 7
14 21
14 1
14 10
3 16
3 17
3 13
11 27
81 98
82 93
3 18
3 20
83 90
98 99
3 15
3 12
11 22
11 23
11 25
11 2
87 90
93 99
87 97
11 9
11 7
11 30
16 27
11 1
11 21
