5
87
77
61
98
17
100
63 59
0 4
0 95
0 88
0 61
0 14
0 19
0 26
17 57
0 94
0 24
0 46
0 43
0 91
27 63
92 99
66 21
27 58
27 79
86 99
59 99
53 99
27 28
66 99
27 40
27 10
27 7
27 35
27 31
27 6
27 72
27 24
27 50
27 76
30 99
30 40
30 14
30 7
21 99
30 51
30 13
30 72
30 58
12 99
30 10
42 99
46 99
30 66
30 79
30 63
14 83
30 36
30 65
56 99
98 29
96 99
83 99
81 99
91 75
30 89
30 48
30 15
29 99
30 69
75 99
60 52
30 46
84 52
90 19
30 93
30 4
30 98
19 52
30 64
1 69
1 93
24 22
39 52
1 28
1 91
1 31
17 9
1 85
1 12
1 17
1 10
65 52
1 71
1 3
1 66
1 64
1 78
1 9
1 83
58 52
9 52
22 52
1 33
1 96
16 81
