5
3
40
57
38
49
100
3 99
0 6
0 14
16 99
17 99
0 26
0 45
0 10
0 23
7 21
32 99
8 99
0 17
5 93
8 49
0 21
49 21
0 69
0 28
0 46
0 7
0 24
0 41
0 18
17 21
31 10
6 35
19 18
0 15
0 12
0 13
0 29
0 98
6 21
0 9
62 7
0 67
0 31
0 70
0 65
0 62
0 83
0 25
0 22
35 21
0 63
18 21
93 21
53 21
27 1
0 72
0 20
66 15
66 36
66 48
66 27
66 84
10 97
6 1
10 4
10 7
10 39
78 80
5 61
10 6
10 13
10 23
10 77
10 53
10 56
10 98
10 11
10 8
10 27
10 83
10 28
10 37
91 28
91 4
91 81
20 40
20 16
20 55
20 11
20 4
20 63
60 1
6 73
6 23
6 28
6 59
8 70
6 2
6 58
6 14
6 62
6 12
6 8
6 68
6 4
