5
76
47
97
78
26
100
0 99
0 73
0 95
0 25
0 6
84 99
0 8
94 99
0 1
71 32
71 1
71 34
70 36
70 41
70 79
70 84
17 68
66 8
66 28
66 84
66 86
66 63
66 96
66 56
3 68
3 11
39 99
3 60
3 37
3 14
3 44
67 99
92 99
3 51
3 79
3 16
54 30
54 34
10 99
54 29
60 68
54 83
23 22
54 26
54 86
54 65
64 99
54 19
28 82
28 11
28 10
28 90
68 99
28 22
28 29
28 48
15 99
77 98
77 79
49 84
49 27
49 40
49 59
49 5
49 89
36 39
35 7
36 80
36 53
36 55
36 85
22 64
22 81
57 29
53 14
53 33
53 11
53 51
53 90
53 19
82 7
2 9
45 7
83 7
81 32
40 30
81 41
9 7
81 1
81 2
8 30
75 7
91 87
14 87
98 87
32 87
33 40
33 59
33 23
9 27
