3
24
87
55
97
41 99
0 18
0 98
0 7
0 40
58 99
78 99
64 99
84 85
84 19
84 39
38 73
38 67
70 31
38 58
38 92
97 59
97 19
97 60
12 17
97 92
97 8
46 81
44 51
46 85
44 68
44 85
8 91
8 83
71 96
77 4
77 68
77 94
70 28
70 83
70 93
70 53
79 92
76 47
12 61
12 54
51 61
51 2
51 3
96 31
25 40
25 52
14 41
14 98
83 82
14 53
78 9
78 23
78 69
78 57
13 27
13 34
86 17
64 32
64 48
64 33
64 6
19 1
91 45
5 39
80 33
32 10
32 3
32 74
35 16
1 22
1 17
56 37
3 26
3 43
3 34
90 31
18 75
56 30
61 21
49 71
15 11
90 65
56 73
63 22
15 10
62 16
63 71
29 90
18 41
18 58
18 27
92 39
74 45
62 2
54 50
63 56
