5
26
32
77
62
69
100
0 98
0 43
0 26
0 65
0 66
0 54
0 35
0 10
0 89
0 53
0 67
0 80
0 85
0 64
0 57
0 12
0 14
0 17
0 23
34 68
34 28
34 58
21 99
34 88
49 99
34 24
34 8
34 64
34 30
34 65
34 25
80 99
93 99
34 9
34 10
34 16
34 36
34 71
34 56
34 3
34 79
34 32
34 80
4 20
4 5
4 58
4 19
4 69
4 75
4 12
4 44
4 3
4 22
4 35
4 6
4 95
11 99
4 81
46 96
46 47
46 85
46 8
46 27
46 55
46 91
46 90
46 86
46 9
46 35
46 17
33 48
54 99
46 84
46 33
46 60
46 76
46 40
46 36
46 25
74 5
74 81
74 99
74 50
74 18
66 99
74 47
16 55
74 40
74 42
74 63
74 83
74 93
84 27
24 67
84 47
84 89
84 16
88 99
84 70
86 54
