5
39
49
81
44
26
100
0 49
0 5
0 66
0 85
90 99
0 31
0 29
0 97
0 70
0 53
0 76
0 58
0 88
70 99
0 55
47 99
0 51
0 34
0 71
0 18
0 99
0 36
82 99
0 19
6 99
0 74
0 57
0 75
0 20
0 50
0 87
0 60
0 72
90 95
24 99
90 25
0 81
55 99
79 69
90 21
0 62
90 84
0 54
60 99
0 1
23 95
0 90
92 45
92 56
58 99
69 99
92 50
57 95
92 31
93 48
92 11
92 29
92 22
95 99
92 62
92 52
22 99
92 54
92 67
92 8
92 79
28 48
92 65
92 68
92 80
92 94
92 89
92 82
88 93
92 71
92 19
92 74
92 51
92 36
92 90
93 99
66 99
48 99
73 94
92 98
92 64
92 17
92 46
74 99
92 84
61 99
92 77
92 83
32 25
32 30
32 43
98 99
66 63
32 93
32 67
