5
23
74
17
20
4
100
0 83
0 94
83 84
0 46
0 76
0 13
0 68
0 82
59 84
0 64
0 88
0 78
0 31
0 2
93 99
0 30
0 65
0 25
0 61
0 99
74 13
0 28
0 29
0 15
0 51
0 27
0 18
17 94
0 93
43 25
0 22
0 77
40 99
0 10
0 85
63 94
0 69
0 43
28 99
16 87
0 97
0 63
0 9
0 16
0 35
0 57
0 56
0 92
0 6
11 83
94 99
25 99
84 99
0 48
0 71
55 99
0 52
2 99
0 44
78 99
0 41
0 7
0 55
0 3
0 67
0 36
0 98
0 34
59 99
57 99
13 66
0 80
0 21
46 66
0 59
0 90
0 14
0 54
0 50
3 86
47 99
0 1
0 62
0 86
0 37
0 11
0 12
0 95
0 66
0 73
17 66
39 99
0 47
0 40
0 75
0 96
7 99
0 53
0 70
0 72
