5
8
13
83
49
45
100
0 55
22 99
0 43
0 34
0 60
0 35
0 59
0 62
0 76
0 95
0 45
0 16
0 65
84 99
90 99
0 74
0 51
0 5
7 99
0 31
0 87
95 99
0 30
0 77
0 72
0 23
0 57
0 71
0 26
0 10
0 36
15 99
0 54
0 47
0 82
0 79
71 99
0 52
0 93
0 39
0 84
0 12
0 22
20 99
0 88
0 21
0 44
0 81
0 68
0 53
0 19
0 24
0 80
0 56
0 90
0 83
0 91
55 99
0 17
0 70
0 2
0 63
0 33
0 96
0 86
0 61
0 89
0 32
0 48
0 49
0 11
0 94
0 20
0 97
0 42
0 73
0 38
0 6
0 50
0 37
0 1
0 66
0 7
0 98
0 78
0 15
9 99
58 76
58 66
58 30
58 67
58 47
58 17
58 64
58 75
58 39
58 20
58 43
58 33
58 59
