5
8
57
11
84
72
100
86 93
0 57
0 30
0 7
0 34
0 46
0 9
35 92
0 35
49 99
0 33
0 17
0 43
25 66
79 99
93 99
0 25
0 28
0 44
0 95
0 29
0 97
0 19
0 81
0 62
53 26
0 85
0 52
0 5
0 69
0 65
19 99
0 80
0 53
0 1
0 23
0 89
0 83
0 6
82 99
0 64
0 32
0 37
0 42
0 18
0 49
0 12
0 77
32 62
0 54
0 71
26 99
0 73
22 99
62 99
69 99
58 99
0 98
0 86
0 58
53 63
13 99
63 99
64 99
56 99
61 25
0 36
59 27
0 48
30 99
0 76
0 47
0 59
0 96
68 99
75 99
0 45
0 21
0 88
23 99
90 99
0 3
0 84
50 99
88 99
56 77
0 66
0 40
0 87
0 27
6 99
0 56
0 60
46 99
0 72
0 82
0 50
0 91
53 99
0 15
