5
29
96
49
91
8
100
0 99
0 66
0 45
2 99
0 74
0 20
0 87
0 4
0 57
0 19
80 70
75 99
0 92
0 65
0 86
0 3
54 69
54 81
70 99
54 12
13 23
54 41
54 44
83 72
54 15
54 35
54 22
54 19
54 31
72 23
63 99
54 60
54 25
54 36
54 4
67 11
67 80
67 58
67 56
67 64
67 44
67 57
67 36
67 90
67 5
75 47
75 32
75 7
76 99
67 26
23 99
67 40
10 99
79 99
98 99
75 76
75 70
76 10
75 21
75 4
75 40
10 41
75 84
75 78
75 31
75 97
82 35
82 87
76 41
82 74
82 65
62 41
82 19
82 55
82 98
28 41
52 41
23 41
43 41
70 41
20 95
45 22
20 90
94 22
20 5
61 22
20 83
20 55
20 68
20 21
20 45
20 35
20 93
66 22
20 14
36 22
20 4
20 89
19 22
20 15
