5
69
81
22
62
27
100
0 5
0 83
0 90
0 17
0 63
0 75
78 99
0 65
0 28
0 7
0 82
0 19
0 89
0 32
0 79
0 60
33 99
0 53
0 42
0 88
0 58
0 14
0 92
0 91
0 9
0 96
0 78
0 11
0 3
0 57
0 10
0 87
0 49
0 23
60 9
0 36
0 98
0 26
0 4
0 6
0 54
56 41
40 71
0 18
0 50
0 12
0 56
0 76
0 44
0 84
0 74
0 61
0 45
0 40
0 52
0 73
0 21
0 37
0 41
0 48
0 59
94 71
0 85
0 24
0 94
0 66
0 55
0 29
0 38
0 95
34 99
0 34
0 33
0 25
0 46
0 99
0 43
0 2
0 13
41 99
0 8
0 20
0 31
0 67
35 38
0 72
0 80
0 86
5 99
71 99
37 9
0 16
0 51
0 97
64 3
64 46
0 1
0 77
0 68
9 99
