5
69
89
71
29
25
100
0 58
0 11
0 95
0 32
0 44
0 27
71 99
16 99
0 99
0 70
96 25
0 43
0 40
0 8
0 33
0 37
91 99
0 94
25 99
23 99
0 46
0 79
0 85
0 87
0 92
0 6
0 22
0 14
0 59
0 2
0 13
0 77
0 72
73 99
74 99
0 98
38 99
0 80
0 31
0 82
0 7
0 68
0 96
0 75
70 99
62 99
0 26
96 99
0 34
0 39
0 35
63 46
0 30
0 1
2 99
0 38
0 86
0 52
35 99
0 5
0 91
0 4
0 81
36 99
0 60
0 18
0 97
0 49
0 23
0 65
0 19
0 63
0 61
0 76
0 20
0 83
0 56
0 41
0 51
0 17
0 74
0 9
0 15
0 3
0 88
76 99
0 66
0 21
0 53
0 36
0 24
0 10
0 78
0 50
0 48
97 99
0 93
0 55
0 28
0 12
