5
7
38
6
45
36
100
66 42
40 99
0 67
0 9
5 24
0 21
24 99
32 88
0 66
0 77
0 73
0 16
0 84
0 33
0 34
0 5
0 92
0 46
0 76
0 80
0 96
13 99
0 30
0 56
0 95
0 75
27 99
0 53
0 51
0 12
0 32
0 63
0 57
0 25
0 43
26 42
0 98
0 2
0 18
0 59
0 82
0 14
0 23
72 3
0 49
0 62
0 20
0 4
0 72
0 6
0 70
0 94
0 11
0 69
0 8
0 93
0 65
0 87
0 61
54 99
0 31
0 22
0 1
16 99
0 89
0 99
0 78
56 4
0 10
0 3
68 99
0 54
0 74
0 24
19 99
0 44
0 81
0 29
0 42
0 15
0 55
0 19
0 47
64 99
0 88
0 13
23 62
27 28
0 83
0 41
23 89
0 39
0 68
0 37
0 27
0 64
0 52
0 90
0 71
61 99
