5
31
15
36
21
90
100
0 47
0 71
0 18
0 16
0 98
0 70
0 43
0 61
0 41
0 95
0 40
0 53
0 26
80 99
0 97
0 60
26 93
0 5
0 83
93 24
0 9
0 39
81 99
0 46
24 99
0 7
0 88
0 29
83 99
59 99
0 56
5 99
0 96
0 65
0 90
0 64
0 94
10 99
0 12
0 73
0 34
0 59
0 8
0 27
35 99
0 44
0 72
0 67
0 24
0 74
0 68
0 91
0 33
0 1
0 13
0 32
0 2
0 19
37 2
37 27
4 99
52 99
97 6
37 83
82 91
79 99
37 61
37 94
37 4
37 80
37 28
37 46
37 89
37 1
37 58
37 74
37 95
14 99
37 63
37 65
37 78
37 81
37 68
37 16
37 49
45 99
37 24
37 13
2 99
37 92
53 99
37 45
37 87
91 99
37 96
37 60
37 47
37 71
37 54
37 35
