5
7
33
72
81
82
100
6 99
0 17
22 99
21 48
0 95
0 6
0 79
0 31
79 99
48 99
0 62
27 99
0 14
0 97
78 99
0 12
24 61
14 99
61 99
0 2
39 99
0 35
0 64
0 96
0 38
0 84
0 19
0 86
0 10
0 51
0 92
0 71
0 49
0 20
0 37
0 77
0 43
0 93
0 13
0 68
0 76
0 74
0 85
0 23
0 24
0 72
0 82
0 94
0 1
56 12
0 46
0 48
0 30
0 15
0 28
0 54
0 81
0 75
0 67
0 57
0 88
66 99
0 98
0 56
0 36
80 99
4 22
80 57
0 27
0 99
0 26
0 59
0 22
0 87
0 78
0 40
0 55
0 42
16 99
0 41
0 69
0 39
75 99
0 16
0 18
0 32
0 47
0 66
0 73
0 11
0 3
0 90
29 81
0 8
0 61
39 31
0 45
36 99
20 99
0 70
