5
21
68
30
36
63
100
46 99
95 91
0 30
0 75
95 48
78 8
0 33
0 36
0 63
0 77
78 40
0 49
0 73
78 63
77 95
78 75
77 76
75 96
75 92
33 76
78 49
78 73
19 28
96 42
59 12
59 19
59 65
29 61
29 51
29 59
96 89
94 20
51 7
96 74
96 3
28 6
96 85
19 67
41 62
96 45
29 64
29 45
29 93
29 42
29 74
92 42
92 3
92 79
92 74
92 45
35 67
85 89
35 28
83 43
41 99
6 99
6 62
35 12
85 56
83 28
85 93
83 41
67 39
6 39
41 39
85 61
85 35
85 83
85 45
88 57
88 64
88 42
88 22
88 79
88 72
88 3
74 42
53 91
74 45
94 14
74 79
74 3
56 93
56 89
56 65
56 35
6 14
56 61
56 83
56 59
45 93
45 64
7 19
7 67
45 61
59 7
59 61
59 35
59 93
89 43
