3
55
86
12
95
0 21
22 38
0 76
0 4
0 92
0 22
21 63
0 67
0 46
30 67
30 70
30 64
71 94
93 24
93 45
93 23
93 13
20 62
20 3
52 99
15 40
15 95
15 33
77 1
50 99
78 99
77 58
63 99
28 73
97 9
47 39
68 52
61 85
61 66
61 69
61 22
90 51
90 28
90 88
34 18
52 77
52 31
52 22
35 16
35 37
79 18
97 12
97 11
97 88
97 45
92 42
97 89
10 73
97 92
97 22
62 73
3 49
22 4
23 49
32 64
32 26
32 24
32 56
7 88
7 46
21 80
95 40
95 91
80 84
87 81
87 58
76 17
76 11
5 56
77 39
24 17
75 86
18 25
75 23
75 94
75 69
40 57
58 82
40 44
56 62
17 38
46 17
17 18
39 60
96 38
62 3
98 16
96 8
50 98
8 45
