5
66
83
25
62
24
100
0 1
0 6
0 44
0 31
6 99
0 71
0 64
0 17
0 61
0 87
80 99
0 98
58 76
42 99
72 99
0 92
0 88
25 99
88 99
75 99
0 13
0 89
0 51
0 3
0 12
0 28
0 54
0 94
2 99
0 29
0 80
0 11
6 34
0 58
86 49
45 53
0 30
49 99
53 99
0 55
0 68
0 40
0 41
0 79
38 9
0 43
0 95
0 59
0 67
0 50
15 99
0 69
0 32
0 45
0 90
0 4
0 8
0 91
0 33
0 83
0 65
82 99
93 44
93 55
93 9
93 10
93 40
93 90
93 52
73 99
93 11
93 22
93 96
91 9
93 47
93 19
93 17
93 28
93 37
93 3
93 80
93 63
12 68
93 76
93 45
93 83
93 39
34 99
93 23
93 98
9 99
93 7
93 30
93 91
93 8
93 6
93 81
93 74
93 88
87 99
