5
43
25
38
31
48
100
0 40
0 10
17 54
0 21
0 44
0 47
0 15
0 8
0 5
0 11
0 9
0 35
0 46
0 45
52 54
0 23
0 19
0 36
0 17
4 34
0 18
0 42
0 24
0 20
0 14
0 33
0 41
0 13
0 48
0 25
0 34
0 22
0 12
0 16
0 7
26 54
0 39
0 43
49 40
49 21
49 43
49 1
49 33
49 23
49 48
49 10
49 16
49 29
50 40
49 52
22 20
49 27
49 4
40 54
34 54
49 24
49 22
49 11
49 47
49 6
49 50
41 19
12 23
49 26
49 41
49 45
49 12
49 2
49 30
49 44
49 20
49 54
49 9
20 54
49 32
49 38
49 8
49 53
19 54
49 35
49 34
49 42
49 3
49 51
37 47
37 43
37 11
37 34
37 8
29 54
38 54
37 18
37 28
33 54
30 6
37 36
37 32
37 7
37 4
37 26
