5
18
87
15
97
95
100
0 86
0 79
0 2
11 49
0 7
0 83
0 54
0 11
0 45
0 91
0 38
0 64
0 55
0 99
0 89
0 87
67 21
0 57
16 66
0 1
0 75
0 74
0 12
29 99
0 68
0 16
12 80
0 58
21 99
0 15
0 17
0 4
0 53
0 67
0 66
0 43
0 90
0 13
0 84
0 85
0 3
0 28
0 59
0 63
49 99
0 56
0 39
0 94
0 98
0 77
0 29
0 88
0 51
0 20
0 49
0 72
0 76
0 33
0 60
0 78
0 81
0 97
0 82
0 24
0 50
0 65
0 6
0 36
0 70
80 99
0 48
98 64
61 12
61 64
61 79
61 75
5 99
2 99
61 8
61 42
61 36
61 7
61 80
61 85
61 66
61 76
64 99
61 98
61 46
17 99
55 3
61 72
61 77
61 47
61 57
61 41
61 26
34 99
96 3
61 94
