5
83
86
30
81
36
100
46 66
0 68
0 11
0 63
0 46
0 62
16 99
0 48
0 52
0 93
0 55
0 57
0 83
0 71
0 51
0 2
0 18
0 5
0 64
0 60
0 61
0 38
0 21
0 15
1 15
0 45
0 91
0 72
0 87
0 32
0 58
75 99
0 67
0 29
0 4
0 76
0 17
0 26
0 80
0 44
0 75
0 39
12 99
0 24
4 99
0 50
0 19
0 74
0 3
0 13
0 70
0 16
0 53
0 10
37 99
0 98
0 27
0 25
15 99
0 56
0 49
0 41
36 99
32 99
0 9
0 31
84 99
0 99
89 51
97 99
0 43
0 40
51 99
5 99
0 73
0 1
0 88
0 54
0 34
0 94
0 65
0 37
0 92
0 8
0 84
0 66
0 14
0 79
39 99
0 90
0 69
0 85
0 42
0 59
0 28
0 82
0 23
0 78
0 6
0 89
