5
48
62
80
87
40
100
70 52
50 99
4 99
0 31
0 44
8 99
0 37
0 26
51 99
72 40
0 7
0 5
0 86
0 69
26 99
0 13
0 62
0 66
2 99
40 20
54 75
0 96
68 99
23 99
15 20
0 54
0 12
34 54
34 70
34 58
34 10
34 19
34 73
34 45
34 24
34 16
34 68
61 93
61 95
61 43
61 62
61 15
45 20
61 2
61 29
61 83
61 25
89 20
43 20
16 14
16 26
10 20
16 1
16 29
16 37
16 19
93 75
26 20
16 86
16 90
16 8
65 71
50 64
86 81
16 17
16 25
16 93
16 33
16 72
16 94
54 88
54 22
54 55
54 38
54 45
54 9
2 81
54 57
52 64
54 53
96 28
96 98
62 90
96 18
96 26
96 50
96 46
93 27
93 70
93 55
93 25
93 21
93 37
93 40
93 5
93 91
93 59
90 76
93 43
93 13
