5
6
44
46
4
7
100
0 24
0 3
0 49
0 2
0 5
43 98
47 98
36 48
0 9
34 45
0 74
45 98
0 19
0 39
0 59
0 29
0 89
0 79
69 30
69 20
69 40
10 14
11 48
10 33
10 61
10 34
10 9
10 22
10 16
10 39
32 48
40 14
10 59
10 27
10 64
10 19
10 11
13 48
40 34
10 29
40 9
10 21
10 54
10 31
10 84
10 79
10 71
10 89
10 5
10 1
26 43
10 51
10 81
18 14
10 41
91 18
91 34
91 2
26 45
26 8
26 12
26 17
26 20
26 18
14 15
61 48
26 68
26 70
26 31
26 67
26 93
26 95
26 41
26 35
26 39
26 62
26 37
87 14
87 2
87 28
87 16
40 57
40 23
40 32
40 47
40 84
22 86
40 19
40 29
40 64
40 59
15 48
40 37
40 79
40 39
40 97
40 5
40 89
40 17
40 94
