5
75
62
22
89
23
100
0 4
95 99
0 3
0 2
1 67
1 89
1 50
98 99
96 99
1 53
1 95
1 7
1 93
1 27
1 86
1 70
1 81
1 61
1 75
40 19
40 10
40 89
40 4
40 84
40 85
87 97
40 78
40 49
40 79
40 95
40 98
40 5
40 48
40 74
40 55
96 97
40 59
40 66
40 91
40 54
40 8
40 15
40 72
40 90
10 97
40 69
40 38
40 14
40 32
40 21
40 42
40 94
40 80
40 28
40 52
77 89
77 92
77 64
77 18
77 29
77 67
77 73
77 90
77 69
77 3
77 46
77 61
77 98
77 78
77 35
77 94
77 11
77 95
77 91
77 55
77 96
77 56
77 8
77 38
77 93
77 72
77 23
77 86
77 88
77 22
77 20
77 71
77 80
77 39
77 28
59 74
59 85
59 65
59 87
59 54
59 93
59 92
59 61
59 25
59 79
