5
36
35
63
50
54
100
0 92
22 99
0 48
60 99
0 95
21 37
21 8
32 79
32 7
29 38
32 36
7 38
32 19
54 38
3 38
32 50
65 17
80 67
65 57
65 88
82 38
83 88
65 91
65 84
86 88
65 51
34 2
87 47
65 68
78 55
87 68
87 26
87 1
87 69
87 60
86 82
86 58
86 71
11 39
11 85
11 1
55 5
56 13
56 64
19 41
25 75
70 7
19 20
19 13
79 92
19 34
47 25
79 81
79 16
79 3
28 57
29 2
28 74
28 9
91 17
91 16
58 90
58 83
45 26
45 22
45 84
45 23
45 72
25 20
14 41
92 7
14 62
14 72
40 4
40 5
40 93
40 1
40 77
76 52
40 50
96 51
96 33
41 2
96 35
57 84
4 2
26 2
7 2
81 85
57 10
57 9
57 6
57 5
98 92
57 17
46 85
57 20
66 92
57 53
69 85
