5
42
39
30
57
77
100
0 15
0 97
0 9
33 99
11 99
0 22
0 40
0 95
0 72
49 99
27 99
0 88
48 99
0 54
0 11
0 74
0 8
0 32
0 51
0 5
0 18
0 94
0 23
0 13
0 49
0 29
83 43
62 99
83 97
89 67
28 99
83 46
83 68
83 5
83 47
83 70
83 23
83 2
83 29
67 99
83 85
83 6
83 67
83 91
83 25
83 51
83 89
83 58
83 96
83 26
83 28
83 14
83 75
83 24
83 54
83 90
72 88
72 33
72 43
72 29
72 86
72 24
72 4
72 45
72 27
72 51
72 39
72 53
9 99
72 98
72 31
72 58
72 80
72 73
72 18
72 82
64 1
72 65
72 21
94 99
72 64
72 17
74 69
74 51
74 8
74 78
74 81
74 14
74 62
74 98
74 73
84 99
74 28
74 48
74 43
74 58
74 75
74 15
74 44
74 54
