5
53
56
69
61
74
100
0 83
0 12
0 10
0 53
0 66
49 95
0 92
0 4
0 57
45 30
0 36
0 87
0 55
0 90
0 11
0 45
0 50
0 95
0 13
0 24
0 78
16 95
0 74
0 34
0 75
0 93
30 95
0 6
0 22
0 65
0 56
0 5
0 73
0 47
0 71
0 67
10 82
0 76
0 80
0 33
0 51
0 31
0 89
0 49
0 58
0 21
82 95
0 60
77 69
0 2
0 77
59 95
0 23
0 52
42 31
0 91
0 29
0 82
0 32
0 41
0 26
0 39
0 64
57 34
0 85
0 9
0 18
0 46
0 1
31 95
83 95
36 95
0 16
0 88
0 15
76 95
0 79
0 48
0 40
0 25
73 95
0 86
39 84
0 17
38 71
0 72
0 38
0 59
0 42
85 21
0 62
0 43
0 68
0 54
0 8
0 14
0 44
0 94
84 95
0 28
