5
17
68
58
70
65
100
0 60
28 71
10 71
0 15
0 20
0 47
0 1
0 40
0 68
0 49
0 16
0 66
0 30
4 71
0 14
0 26
0 67
0 23
0 50
13 71
0 53
0 65
0 46
26 71
5 71
0 4
0 36
46 45
0 19
47 71
64 71
0 7
0 62
0 2
0 25
0 32
0 9
0 28
0 31
29 71
0 8
0 22
0 33
0 24
0 63
0 64
0 10
55 71
32 45
0 13
0 58
0 44
0 27
0 11
59 46
0 5
0 55
0 57
0 59
0 39
0 37
0 52
2 71
0 61
40 45
46 71
43 48
43 66
43 2
43 8
43 57
42 71
43 59
43 41
67 71
45 71
43 36
43 38
43 60
48 71
54 71
43 12
43 9
44 71
43 20
19 71
43 37
43 71
43 32
43 33
43 63
43 14
43 55
39 7
4 34
43 42
43 26
43 24
43 39
60 71
