5
73
4
5
34
81
100
15 99
0 83
5 29
0 6
0 37
0 26
0 52
0 53
3 99
29 99
0 91
0 58
0 25
0 76
75 36
75 21
88 92
88 68
88 73
88 60
7 99
88 30
88 1
72 86
53 99
72 23
72 68
72 65
72 35
72 81
1 94
31 58
1 86
1 12
1 45
1 66
42 80
42 4
42 47
42 11
38 99
42 78
42 37
42 55
13 25
13 44
13 30
13 46
13 23
13 96
13 5
13 11
8 73
18 4
15 24
8 83
8 18
8 49
28 62
8 6
8 98
28 33
28 36
28 54
28 64
28 92
12 34
12 63
12 31
12 46
12 6
12 92
12 24
12 36
12 85
37 91
26 69
26 37
26 76
26 68
26 20
80 46
80 65
80 98
80 22
80 54
63 86
63 54
63 37
63 83
63 52
63 71
63 81
63 43
63 57
29 20
29 64
29 7
29 35
91 79
