5
54
35
5
9
63
100
54 98
0 98
0 59
0 67
2 36
22 98
0 16
0 56
0 25
0 37
57 98
0 42
0 66
36 98
3 98
0 86
25 98
42 98
0 81
9 98
0 71
92 61
0 47
0 72
66 98
41 98
61 98
0 65
0 1
0 10
0 97
0 17
0 41
0 9
0 84
0 26
0 4
0 94
0 57
0 58
0 60
0 22
23 98
35 87
0 51
87 58
24 98
0 96
0 48
5 98
37 98
50 98
60 98
0 49
9 21
35 17
0 79
17 98
0 14
0 13
0 52
0 24
25 33
0 19
0 85
94 21
22 62
9 73
0 23
0 28
67 62
26 21
9 10
0 64
0 61
0 80
0 92
21 98
85 62
24 62
15 62
0 12
9 91
26 62
0 78
0 68
0 6
0 21
0 89
91 62
0 90
21 62
0 31
0 93
0 83
0 87
0 55
0 8
0 15
0 3
