5
39
81
95
47
62
100
0 99
16 99
0 33
0 75
0 98
0 17
8 99
0 57
41 99
57 99
0 67
72 75
0 95
0 61
0 31
0 38
0 11
0 80
0 23
0 28
60 99
82 99
0 43
0 70
14 66
0 84
0 83
31 99
0 79
0 18
17 99
54 9
0 22
42 99
0 25
0 81
54 2
0 36
0 40
0 59
0 35
0 53
45 99
0 66
0 1
0 58
0 15
0 82
0 55
0 47
0 76
0 60
0 42
0 65
0 3
50 22
0 51
0 37
0 69
0 45
94 2
0 13
2 99
0 73
0 9
0 52
0 16
0 72
0 41
0 6
86 68
86 22
21 23
86 96
86 33
86 49
86 11
86 59
86 54
86 94
86 72
86 58
86 93
86 50
86 99
64 22
16 23
86 79
86 28
86 30
86 76
86 18
86 43
86 88
86 10
86 2
86 32
86 75
86 69
86 6
