5
50
96
56
42
79
100
0 33
4 1
0 87
0 12
0 37
0 29
0 51
49 99
72 89
12 78
0 40
0 72
0 45
41 99
71 99
0 66
0 10
80 99
0 36
0 55
0 30
0 44
0 35
0 94
0 54
0 34
0 2
0 1
0 93
0 84
0 85
0 14
67 99
0 91
0 69
78 99
0 65
0 74
0 53
0 70
0 23
0 47
0 17
0 38
1 99
0 4
0 24
2 99
0 86
0 20
0 63
0 59
0 71
0 57
25 99
0 82
85 99
0 46
0 68
0 80
0 11
0 6
0 81
0 8
0 3
0 26
0 21
0 89
5 99
0 25
0 90
9 20
38 99
0 95
0 5
0 9
19 23
0 39
0 19
0 92
0 75
0 41
0 83
97 99
0 58
0 77
23 99
55 36
0 99
57 36
57 87
36 99
0 61
75 99
0 22
0 73
87 99
13 99
0 62
0 60
