5
26
12
86
15
98
100
0 21
85 18
23 99
69 99
2 99
0 60
0 22
0 10
0 84
0 76
18 99
0 13
0 34
0 43
0 79
0 71
0 44
0 78
20 99
0 74
0 91
0 1
0 25
0 48
0 96
0 53
0 52
0 55
0 98
0 99
0 72
0 2
87 99
0 7
0 18
0 33
0 30
0 35
0 61
0 46
0 11
0 70
0 68
0 14
0 17
0 87
0 80
0 20
0 19
0 50
0 95
92 99
0 31
0 62
97 43
0 64
0 83
0 67
0 81
0 73
77 43
0 29
0 92
0 97
0 89
0 49
0 27
0 56
0 39
0 9
0 63
0 32
0 51
0 38
0 77
0 69
0 57
0 93
0 36
0 24
0 82
0 42
16 43
0 37
16 29
0 59
36 99
16 4
0 58
0 65
0 16
0 23
0 28
0 6
0 47
0 54
0 4
0 41
0 3
0 5
