5
82
24
16
74
78
100
83 88
67 88
0 44
0 26
0 8
0 39
0 42
0 69
0 24
0 23
0 7
45 58
45 61
45 40
45 29
45 17
4 88
45 62
9 58
45 46
45 64
45 39
42 9
42 22
73 58
42 72
42 30
42 25
42 38
62 61
62 69
40 58
62 59
52 58
47 61
47 73
47 40
36 2
47 87
47 36
46 52
46 56
46 76
46 43
46 22
67 30
46 84
65 30
46 8
46 36
80 77
3 58
80 7
80 87
80 27
80 35
2 58
80 31
40 64
40 72
1 58
30 58
40 25
40 26
41 81
12 61
12 18
25 81
66 81
65 81
12 4
12 37
12 21
12 69
12 77
12 14
12 75
57 20
23 39
23 61
23 69
23 2
23 30
79 51
79 2
87 68
65 68
33 68
79 10
79 36
19 29
79 32
79 14
56 3
56 38
56 36
56 13
35 29
35 67
21 68
