5
48
5
35
36
41
100
51 54
50 53
50 51
0 38
0 28
0 36
0 20
0 2
28 41
0 17
0 26
0 22
0 14
0 44
7 49
0 40
0 11
0 37
0 7
0 30
0 34
0 10
0 8
0 29
0 27
0 16
0 19
0 31
0 21
0 12
0 6
0 32
0 18
0 33
0 49
0 13
0 5
0 35
0 42
0 41
0 43
0 9
0 1
0 24
0 39
0 4
0 25
0 46
0 47
0 45
0 23
0 15
3 31
3 17
3 40
3 42
3 7
3 23
3 35
3 27
3 41
3 20
3 47
3 25
3 30
3 6
3 43
3 24
3 4
3 29
3 45
3 36
3 38
3 44
3 8
3 1
3 12
3 28
18 38
3 37
16 49
3 11
3 32
3 16
3 26
3 10
3 9
3 49
3 18
3 19
3 33
3 14
3 13
3 22
3 34
3 2
3 46
3 39
3 15
21 22
