5
54
36
72
77
24
100
0 72
0 79
0 38
0 21
0 62
0 15
0 13
0 4
0 12
37 82
48 15
0 34
0 7
0 29
0 1
15 82
72 1
0 10
0 55
60 82
0 74
0 8
0 43
47 26
47 79
47 41
47 42
47 64
47 72
47 20
47 10
47 62
47 7
47 57
47 1
77 52
47 21
47 75
47 15
47 81
47 43
47 69
47 37
47 39
74 43
74 37
38 52
74 55
74 69
74 44
74 16
74 41
74 12
74 35
18 82
74 52
74 33
74 50
74 32
74 51
74 46
74 38
74 10
74 71
74 6
74 57
74 7
74 13
3 7
3 66
3 41
73 82
3 31
52 82
3 61
3 71
3 46
3 15
3 69
3 60
3 80
3 4
3 2
3 49
3 73
3 76
3 25
3 57
3 12
3 75
8 21
8 11
8 49
8 23
8 69
8 18
35 82
8 51
8 80
8 61
