5
21
38
13
65
70
100
44 64
47 67
0 32
0 76
0 1
61 67
0 14
0 15
0 54
0 40
0 61
0 64
0 16
0 17
0 70
59 79
59 60
59 40
59 19
59 8
59 25
20 64
59 74
15 79
28 79
59 72
59 20
64 79
67 79
59 50
59 2
59 42
48 79
29 77
29 13
29 5
13 79
29 48
5 79
8 79
58 79
29 28
29 10
29 33
29 11
38 32
29 31
44 79
2 79
29 45
29 76
29 38
39 10
76 10
29 65
29 7
29 9
29 3
49 10
29 44
29 61
29 20
73 10
71 10
22 54
22 9
22 33
22 24
2 10
22 60
22 68
22 44
22 27
34 48
22 37
22 31
22 70
42 10
22 51
22 2
22 78
22 45
22 1
22 49
8 44
8 69
8 50
8 27
75 10
8 45
8 46
8 76
8 71
8 14
8 1
8 62
13 27
8 33
8 49
34 31
