5
75
20
92
6
68
100
0 3
0 44
0 14
0 39
0 16
0 9
0 18
0 49
0 57
0 22
0 10
0 2
0 88
0 15
91 47
0 43
0 66
0 64
0 99
0 61
0 80
0 50
0 13
0 33
0 91
0 76
0 4
42 99
96 53
0 40
0 72
0 26
0 59
0 34
0 65
0 67
97 58
0 78
0 71
0 73
0 97
0 5
0 30
47 99
0 35
0 53
0 11
0 17
0 90
71 39
0 60
0 79
0 23
57 99
0 19
0 45
0 7
0 21
0 27
46 82
46 52
46 35
46 61
46 10
46 29
46 99
46 67
46 26
46 13
46 41
46 59
46 22
46 30
46 65
46 96
46 23
46 19
46 11
46 39
46 50
46 18
46 58
46 80
46 38
46 57
46 49
46 8
46 9
46 36
34 99
46 89
46 5
46 83
46 42
46 90
46 27
46 56
46 34
58 99
46 32
