5
34
17
3
95
57
100
18 99
0 13
0 26
0 99
0 29
0 84
0 18
0 36
0 71
0 73
0 33
0 20
0 77
0 67
0 53
0 38
0 44
0 62
0 21
0 70
0 87
0 43
0 63
0 8
0 74
0 61
0 66
0 23
0 51
0 57
0 37
0 49
0 19
0 80
0 88
0 95
0 16
0 78
0 12
0 96
0 30
0 10
0 9
68 99
0 32
72 12
0 90
0 41
0 48
6 99
0 7
0 86
0 40
0 50
0 93
0 42
0 92
0 45
0 56
0 28
0 54
0 55
0 46
11 99
0 72
0 89
0 65
0 58
0 94
0 82
0 24
0 5
0 76
0 25
77 99
0 27
0 2
0 39
17 99
0 22
0 59
0 98
0 91
0 83
0 3
0 79
0 31
0 75
0 17
0 35
0 11
0 85
4 23
4 93
4 10
4 86
4 54
4 69
12 99
4 15
