5
44
66
39
65
26
100
0 49
38 66
17 81
11 25
67 81
0 56
18 78
0 41
0 62
25 81
0 20
0 36
0 25
0 23
0 33
5 78
0 29
24 5
24 66
24 67
24 53
24 12
24 2
24 63
24 23
24 38
24 54
24 61
4 59
4 46
78 81
4 14
4 45
4 69
4 38
4 63
44 81
4 21
4 78
4 33
75 81
4 18
4 6
4 11
4 58
35 66
36 48
35 3
55 81
35 75
35 26
35 62
35 58
35 63
48 81
21 81
35 59
65 81
35 14
35 36
79 81
33 72
12 72
37 42
7 56
7 16
7 44
7 23
14 72
43 72
7 75
7 39
7 10
7 65
7 30
77 79
8 49
8 67
8 55
8 61
8 57
8 28
8 20
18 42
8 54
8 63
8 19
8 34
8 29
52 72
16 72
8 17
8 15
18 2
18 14
18 54
18 5
36 75
22 42
18 50
