1
7
90
55 99
0 34
0 31
7 43
93 51
0 15
0 70
83 2
21 43
5 2
0 52
63 31
0 85
47 61
47 34
47 55
59 3
73 28
56 79
56 30
54 8
83 38
56 36
56 87
72 39
56 21
59 16
10 91
98 63
98 93
98 72
98 59
66 68
66 15
36 70
20 79
70 28
70 22
78 6
40 11
57 74
70 91
74 3
70 88
17 75
70 59
70 48
65 34
65 81
94 12
30 92
22 15
22 96
95 39
60 1
60 90
60 34
4 89
4 44
32 97
23 97
40 62
51 17
54 89
4 84
33 62
5 40
91 76
87 25
87 27
53 33
34 9
82 24
53 26
27 61
37 71
90 42
51 92
25 12
69 27
69 40
21 83
23 50
45 77
32 76
72 77
45 32
13 23
68 82
13 32
