5
42
7
97
77
28
86
0 99
1 99
0 98
90 92
35 37
73 75
52 54
34 36
51 53
62 64
61 63
44 46
56 58
55 57
54 56
25 27
3 5
4 6
0 2
1 3
2 4
38 40
37 39
91 93
74 76
8 9
29 31
30 32
53 55
89 91
88 90
39 41
31 33
32 34
33 35
78 79
80 82
80 79
81 83
82 84
83 85
84 86
85 87
86 88
87 89
45 47
46 48
10 12
10 9
63 65
64 66
36 38
92 94
93 95
94 96
57 59
58 60
59 60
61 62
17 19
18 20
19 21
20 22
21 23
11 12
22 24
23 25
43 45
49 51
48 50
50 52
24 26
65 67
66 68
67 69
68 70
69 71
70 72
71 73
72 74
47 49
13 15
13 12
14 16
15 17
16 18
