2
86
30
89
0 84
0 18
42 90
13 51
42 59
23 2
23 70
15 24
75 44
75 71
59 89
6 66
55 99
6 80
46 27
46 60
65 69
65 73
70 68
88 22
88 29
89 5
44 35
7 78
7 57
26 39
83 99
8 11
8 21
81 58
19 99
81 13
54 95
47 92
47 83
78 34
45 43
45 91
57 93
68 13
2 95
90 31
5 34
12 55
12 50
49 61
49 68
91 56
28 38
28 9
76 41
76 97
87 82
94 93
11 50
71 16
61 40
63 37
63 72
52 79
74 53
29 79
74 32
10 58
38 3
62 32
10 39
62 85
53 31
15 9
66 48
14 48
1 85
52 3
24 36
18 97
54 22
35 94
41 20
37 36
73 72
25 51
33 14
17 78
17 20
82 72
80 96
21 50
25 58
