5
77
62
19
24
5
100
0 2
69 79
0 25
0 51
0 69
0 4
0 45
0 11
73 71
73 2
73 36
73 56
73 76
12 27
12 31
12 65
12 28
12 60
60 36
62 79
60 6
29 79
43 55
60 67
60 69
52 3
67 19
67 22
67 16
67 59
67 25
67 9
33 22
2 17
2 48
2 53
65 27
65 43
47 79
65 64
4 20
21 79
55 79
9 34
4 37
4 8
13 32
10 55
13 29
17 55
1 64
1 29
1 5
1 48
54 42
56 30
43 59
42 29
45 32
43 75
42 17
42 43
63 32
8 71
48 32
8 45
17 35
29 32
22 37
22 20
22 71
6 75
37 15
10 18
10 6
10 29
61 43
28 44
28 20
64 59
18 3
18 9
18 53
18 68
43 16
48 45
48 58
48 23
58 45
29 44
58 59
58 21
58 78
58 63
58 53
7 30
7 3
7 68
44 20
16 27
