5
11
66
62
45
46
100
59 63
5 8
35 38
58 64
0 1
83 86
12 13
92 93
85 86
80 84
85 87
41 44
42 43
41 43
90 96
93 96
95 96
94 96
38 39
38 40
56 60
77 81
74 79
12 14
30 35
30 36
48 49
48 51
69 72
32 34
32 33
12 16
12 15
17 19
84 86
81 86
89 90
87 92
90 92
91 92
94 92
93 95
94 95
87 90
91 90
93 90
91 93
85 88
78 80
17 16
17 18
17 15
13 18
16 21
19 20
13 15
13 16
13 14
23 29
26 28
35 36
7 8
56 61
50 52
19 22
89 87
88 87
74 77
74 75
69 70
67 71
72 75
69 71
67 70
63 64
33 35
34 35
36 37
36 40
36 39
36 41
38 37
40 39
42 39
41 39
37 39
38 41
42 41
37 35
42 40
37 41
40 35
19 18
19 21
19 23
19 16
15 20
18 22
20 25
18 21
