5
55
91
25
78
98
100
26 99
0 69
42 99
0 49
0 17
0 28
0 26
0 44
73 99
28 99
78 99
0 89
0 92
0 9
0 47
0 48
0 12
0 56
0 29
38 99
0 81
0 52
0 13
0 95
0 78
0 3
0 45
0 1
0 79
0 2
0 99
0 38
24 25
0 51
0 65
0 27
0 91
0 73
0 70
80 57
0 74
0 16
0 98
0 36
0 80
0 35
0 24
0 68
0 60
0 58
0 64
0 41
0 67
0 75
0 82
0 37
0 66
0 72
92 44
0 22
0 71
0 87
0 25
0 85
0 31
0 14
0 4
0 6
0 54
0 93
0 5
0 86
0 43
0 46
0 62
0 30
61 17
61 51
61 86
61 39
27 99
61 33
61 11
61 79
61 71
61 81
61 87
61 38
61 24
61 27
61 30
61 34
68 99
39 12
61 48
61 84
61 31
44 99
61 67
61 89
