5
27
38
8
49
44
100
40 99
87 99
0 54
0 30
0 59
0 32
0 16
0 43
0 10
0 29
0 74
0 63
0 64
6 61
6 80
98 99
6 84
6 33
6 44
6 32
6 90
6 63
13 59
6 87
80 85
92 13
92 68
92 48
92 54
87 45
87 16
83 99
88 99
52 85
59 99
87 53
87 49
87 14
51 85
45 85
87 13
87 67
57 69
58 80
38 36
87 83
73 69
87 47
23 79
23 9
23 75
23 90
23 2
23 60
23 7
58 84
36 69
40 84
94 96
77 69
48 69
11 53
11 1
11 79
63 70
63 88
84 69
59 69
4 96
63 34
29 96
55 88
31 96
63 91
63 89
63 28
88 81
63 44
63 41
63 17
63 75
63 86
59 81
62 81
98 86
55 97
19 86
91 86
72 86
55 82
55 10
4 35
39 5
55 79
5 59
55 41
55 56
35 59
17 59
55 13
