5
42
20
32
44
14
100
0 30
0 13
0 10
44 51
0 22
0 37
0 29
0 50
10 51
0 45
0 42
0 7
0 33
0 12
38 51
0 35
0 23
0 6
0 20
0 38
0 40
0 24
0 5
0 16
0 46
0 3
0 11
7 51
0 44
0 19
0 31
0 32
0 41
18 51
0 28
0 49
31 35
0 8
0 27
2 22
2 46
2 35
2 6
2 8
33 35
2 30
33 51
2 26
2 36
2 43
2 49
2 28
2 7
2 24
2 32
20 51
2 38
35 51
2 25
33 11
2 18
2 41
2 39
2 33
2 27
2 44
2 10
2 20
25 51
39 51
16 51
2 19
2 29
2 5
2 3
32 51
15 49
2 37
2 40
2 12
2 4
2 23
2 13
2 16
2 14
31 30
31 11
31 22
31 47
31 3
31 17
31 48
9 19
31 20
21 51
49 51
31 51
29 51
40 51
31 46
