5
31
61
66
50
46
100
66 99
53 99
0 26
61 99
0 38
0 41
0 20
0 34
0 16
60 99
0 32
0 28
0 31
0 27
0 43
0 25
0 37
68 99
0 19
0 18
0 29
0 14
0 23
0 5
0 17
0 10
0 8
0 13
0 7
0 4
65 99
0 2
0 11
0 9
0 6
0 1
3 43
3 37
73 99
3 51
3 26
3 12
3 34
3 44
58 99
64 99
3 16
3 29
3 20
3 23
97 99
3 15
3 4
3 27
3 7
93 99
3 8
3 17
3 5
3 6
3 11
3 14
3 10
3 13
86 99
3 2
3 19
1 43
1 28
1 34
1 42
1 25
1 33
1 29
1 32
1 20
67 99
62 99
1 27
1 13
1 26
1 19
90 99
1 23
1 10
1 18
1 8
1 21
89 99
1 6
1 7
1 16
1 5
1 2
1 4
1 24
1 12
1 9
17 47
17 41
