5
53
70
26
75
50
100
0 4
0 95
2 99
0 14
40 99
49 99
16 35
0 32
0 48
0 85
3 4
3 47
72 78
72 6
72 17
72 67
13 58
93 35
87 35
13 44
2 10
13 71
13 11
13 64
68 73
97 73
62 73
55 48
68 48
13 30
93 5
51 62
93 71
93 31
93 54
93 19
10 36
67 22
60 22
49 53
49 26
49 21
49 55
49 7
49 39
42 60
42 78
42 4
92 22
65 22
42 58
42 12
89 62
40 18
9 62
26 87
43 30
10 30
20 30
6 11
90 58
90 64
90 76
90 14
90 38
6 77
43 36
44 24
44 37
44 20
96 27
96 57
38 23
38 16
38 80
38 34
7 9
32 36
57 79
57 95
45 31
88 92
45 28
45 68
33 5
33 28
8 84
8 26
60 36
92 36
8 67
8 51
8 59
25 91
14 84
25 51
25 54
25 98
26 56
25 58
