5
85
62
80
91
54
100
0 12
0 33
59 99
0 82
0 97
53 77
25 57
53 59
53 81
72 13
72 69
50 15
57 33
72 14
88 4
88 84
88 80
15 64
74 97
74 28
74 21
6 69
6 30
6 15
98 35
98 27
98 3
95 11
41 52
41 94
37 64
41 7
95 56
95 2
49 52
12 46
82 33
49 37
49 94
93 66
93 24
93 91
65 22
65 81
65 1
7 3
7 1
5 36
5 3
5 87
46 99
37 91
67 99
56 61
56 50
92 1
92 73
9 89
64 99
36 89
69 58
92 57
70 34
70 63
70 28
38 89
2 58
79 38
24 58
17 38
23 31
23 43
23 82
18 86
18 78
30 17
76 64
39 19
2 19
76 36
76 32
42 15
94 16
45 73
66 51
66 59
75 29
28 16
26 73
11 46
75 2
45 35
45 86
39 47
39 52
32 90
32 29
10 21
10 78
10 77
