5
32
41
36
58
11
100
0 56
0 3
0 13
0 33
0 21
0 40
0 49
44 59
0 26
0 2
0 50
0 34
0 44
0 6
0 32
0 28
0 47
0 16
0 29
0 37
8 59
0 14
0 59
0 36
0 5
0 27
0 22
56 59
0 38
0 51
0 58
0 45
0 9
0 31
0 15
0 54
4 59
0 46
0 30
0 12
0 4
0 48
0 43
0 17
0 7
0 18
0 8
0 39
0 23
0 55
0 41
33 59
0 19
0 35
0 24
0 52
0 20
42 47
42 10
5 59
49 59
42 30
42 6
42 48
42 37
42 19
42 15
42 13
25 9
42 40
42 53
42 34
42 52
42 59
55 46
42 49
42 23
42 28
42 50
42 45
42 9
42 44
42 51
42 24
42 18
42 33
42 17
42 21
25 52
36 46
42 8
42 27
42 14
42 5
12 9
42 56
42 25
42 57
42 4
42 31
