5
80
38
34
35
19
100
0 70
0 69
0 79
0 63
87 90
0 11
0 29
0 83
70 90
28 90
0 44
0 39
0 64
0 61
0 55
0 56
0 75
0 62
0 30
69 90
0 5
54 90
0 59
16 90
0 87
0 76
0 65
0 49
0 3
0 43
0 90
0 19
0 35
0 74
0 73
85 50
0 4
0 2
0 78
34 90
65 90
0 28
30 90
81 90
21 51
0 12
0 23
0 21
0 42
0 45
0 54
0 17
0 53
61 90
0 57
0 36
0 24
0 77
58 90
0 13
0 68
0 85
0 66
35 90
0 67
0 25
0 20
0 6
0 32
71 90
6 90
12 90
0 82
0 26
0 31
0 46
0 18
0 51
72 90
0 9
0 58
0 86
0 47
0 89
0 84
0 14
85 49
81 67
41 17
81 2
81 40
74 90
81 25
81 21
81 1
49 90
8 90
81 88
81 50
81 42
