5
26
69
55
11
18
100
0 99
20 99
0 76
0 38
65 99
54 99
68 99
0 63
0 78
28 99
96 99
0 83
25 52
0 62
0 92
0 25
0 60
0 49
0 87
0 52
0 47
0 17
0 68
77 99
0 6
0 46
0 29
36 80
0 77
0 41
81 90
57 99
0 33
0 84
52 99
0 9
0 12
0 80
90 99
84 99
51 13
0 23
0 3
38 99
0 86
0 45
0 15
0 65
0 50
0 34
13 99
48 99
0 44
0 70
0 19
0 90
0 4
23 2
0 40
0 24
0 94
0 13
0 67
0 32
0 39
0 73
0 5
0 66
87 99
39 66
92 99
7 41
66 99
2 99
41 99
39 4
0 22
0 98
53 42
0 7
0 48
0 51
31 99
0 95
0 21
0 54
0 96
0 88
42 99
0 89
0 81
7 99
36 96
0 36
0 16
57 89
0 53
0 2
0 31
0 27
