1
45
100
0 70
43 70
0 32
0 20
65 61
0 38
0 23
0 65
0 47
0 49
0 26
0 57
0 58
0 46
0 66
0 17
11 49
0 53
0 11
0 22
0 9
0 21
0 54
0 43
0 60
0 48
0 14
0 7
0 25
0 61
0 28
0 68
0 3
34 70
0 8
0 67
0 37
0 40
0 62
33 22
0 1
0 34
55 35
55 69
55 28
55 42
55 64
55 51
55 46
55 3
55 21
55 32
55 70
55 6
55 2
55 23
55 7
55 38
49 70
55 47
55 34
55 1
55 66
55 65
55 13
61 70
55 16
55 14
55 43
55 25
55 8
55 5
55 33
55 37
55 36
55 15
55 12
55 50
55 30
55 62
55 41
53 9
51 70
53 7
53 44
53 27
53 69
53 26
53 17
53 67
53 42
53 61
53 28
53 66
53 38
53 54
53 3
1 60
53 23
53 1
