5
2
1
98
3
21
89
0 99
4 99
95 96
94 96
23 50
23 24
24 25
24 57
20 18
43 19
15 17
18 19
29 31
29 78
16 17
16 18
56 54
53 54
69 71
26 27
26 28
25 95
25 59
27 29
28 35
29 20
70 71
30 62
31 33
32 34
33 35
42 44
33 70
42 41
62 4
9 7
56 90
7 82
38 75
49 51
73 71
53 52
50 76
80 78
77 75
76 74
60 58
66 68
63 59
63 65
64 66
65 67
67 68
10 9
69 70
10 11
6 34
38 85
36 35
9 56
89 82
93 91
84 83
93 92
86 85
83 81
80 79
82 81
91 87
92 90
91 89
88 86
38 36
44 45
46 47
48 47
48 49
62 63
62 61
10 12
8 9
8 6
75 73
74 72
77 76
12 13
12 11
14 15
14 13
