5
29
81
96
83
70
100
96 99
84 87
84 85
83 84
37 41
40 43
84 86
88 89
73 78
68 66
68 82
71 84
0 11
0 1
0 16
7 3
43 54
43 44
43 59
50 46
68 69
78 84
88 90
88 93
95 99
98 99
68 70
80 84
68 75
68 67
88 91
21 23
88 92
94 97
94 98
90 97
94 95
89 97
91 97
93 97
94 87
94 85
98 92
86 92
86 89
86 90
86 91
93 87
93 95
93 85
98 89
98 90
91 87
91 95
85 92
85 90
89 87
95 92
68 76
68 79
73 70
73 71
73 67
73 83
73 76
82 67
77 84
82 65
82 66
67 84
82 77
82 70
69 74
69 80
69 76
77 67
77 71
72 84
77 76
79 72
67 74
79 65
79 78
79 66
79 67
80 72
21 24
21 25
22 26
22 28
27 31
27 30
39 43
27 32
33 37
33 34
27 23
27 24
27 33
25 26
