5
51
45
22
37
69
84
65 11
33 64
79 99
33 67
8 27
16 84
8 82
41 87
41 44
92 50
64 60
95 99
92 52
16 36
4 47
4 57
18 15
47 67
18 6
93 20
93 6
82 29
85 35
3 24
73 66
3 19
59 61
59 21
63 60
38 66
78 26
89 17
89 5
14 19
86 26
55 70
97 40
87 70
58 46
9 75
14 53
62 32
34 81
80 71
23 9
34 38
23 43
86 61
74 56
52 17
74 94
72 49
72 38
95 77
50 1
43 5
54 20
13 91
55 27
11 68
90 42
90 13
53 42
28 83
2 20
91 17
2 77
80 10
94 15
56 68
81 23
25 68
58 80
36 64
44 29
32 77
73 88
31 7
96 30
98 44
49 31
48 63
96 76
12 71
