5
89
32
79
16
39
100
0 36
81 99
0 83
0 88
0 81
0 80
0 46
0 10
0 45
0 75
0 20
0 60
0 86
47 12
0 13
14 99
0 47
5 99
0 99
0 92
0 24
0 64
0 23
0 12
0 42
0 95
0 33
0 77
0 67
53 99
0 87
0 70
0 1
0 68
0 62
0 51
11 99
0 37
0 32
0 9
0 74
0 15
0 59
0 29
0 11
0 93
0 50
0 63
0 4
10 41
0 85
75 99
0 27
0 72
0 53
0 96
0 14
0 41
0 7
0 2
0 54
0 49
0 73
0 48
68 15
0 56
0 66
40 99
0 90
0 44
0 52
0 61
0 22
0 30
0 19
0 18
0 34
0 69
0 3
0 55
0 71
0 65
0 98
0 97
0 78
0 35
0 26
0 5
75 15
0 8
57 99
0 43
0 91
0 38
0 28
0 17
0 94
0 21
48 41
0 40
