5
34
63
17
77
98
100
38 99
0 85
0 17
26 99
17 99
0 96
0 20
0 44
0 99
0 37
0 87
0 1
0 19
0 29
0 91
0 22
0 82
0 84
0 57
0 2
0 12
0 83
0 77
0 10
0 7
59 99
98 99
88 99
0 24
0 28
0 38
0 48
0 67
0 55
0 76
9 99
52 53
22 58
53 99
0 16
0 27
0 36
72 99
0 65
0 8
0 35
66 53
0 18
0 31
0 6
0 41
17 91
0 66
0 62
0 43
77 99
0 39
0 88
56 99
0 72
0 89
0 11
0 42
0 69
0 25
63 3
0 21
91 99
0 93
0 59
40 49
40 10
40 69
40 7
40 46
40 18
40 99
40 42
40 1
40 4
40 32
40 81
40 54
40 19
3 99
40 71
40 26
40 25
40 58
40 23
40 76
5 99
40 57
40 89
94 99
60 99
43 99
2 99
40 31
40 75
