2
61
96
94
0 99
0 1
41 97
41 91
41 42
40 25
97 98
4 98
38 33
38 37
45 46
43 76
43 4
90 46
45 25
56 55
56 89
57 86
57 58
57 73
57 3
59 87
59 58
59 18
80 81
80 69
80 55
80 32
80 5
24 23
80 90
78 72
76 75
26 84
13 14
26 34
49 48
26 27
24 91
72 71
73 53
74 4
31 93
87 23
75 33
75 20
75 51
75 1
14 48
52 29
67 48
52 51
95 94
52 53
66 94
52 17
51 91
81 11
84 53
82 12
82 84
83 88
84 51
86 87
67 66
67 68
23 21
22 12
21 9
20 89
18 17
96 37
29 97
35 58
3 91
30 31
69 16
70 4
71 14
71 69
31 53
31 35
33 13
64 91
35 16
49 50
10 89
87 88
64 65
54 2
2 10
2 3
6 5
11 10
