2
87
77
90
54 99
0 49
0 26
0 10
95 8
98 99
45 8
46 27
46 34
25 62
46 50
46 97
25 67
43 30
25 85
10 15
93 55
49 75
93 82
93 57
40 98
40 70
40 69
21 35
74 52
63 30
86 75
21 79
21 4
85 78
85 22
64 69
64 13
11 98
82 29
32 58
3 5
3 31
3 65
95 13
57 58
6 2
35 42
95 67
7 2
95 80
95 51
56 57
56 49
55 61
1 47
44 62
23 47
66 81
37 35
44 45
44 94
44 86
1 24
1 57
86 45
96 63
41 12
5 69
5 73
43 11
71 76
43 16
27 12
27 53
61 73
74 28
19 76
74 53
74 48
19 37
19 72
53 91
53 88
22 79
88 39
23 34
65 76
47 76
73 12
35 82
28 11
6 34
79 10
65 73
