5
88
14
26
5
17
100
0 11
0 68
0 59
0 89
0 58
0 42
0 45
0 66
25 24
94 65
25 12
25 98
25 79
25 74
25 43
25 96
25 59
25 63
36 99
2 96
2 91
2 6
30 99
2 41
2 36
47 39
47 44
47 32
47 12
47 16
47 27
65 99
47 1
47 78
47 70
47 48
73 76
73 15
73 72
15 99
73 75
73 77
73 94
73 44
73 60
73 55
7 99
73 54
73 10
9 99
73 97
84 63
87 99
52 66
84 92
84 52
84 27
93 66
13 66
19 66
29 66
84 1
84 42
84 90
84 81
84 91
84 41
84 51
85 66
84 57
38 72
35 61
83 61
38 39
77 24
16 61
82 29
77 91
38 30
38 45
38 19
38 90
38 29
31 72
38 71
38 10
55 9
55 48
55 86
55 89
55 60
55 22
43 46
55 87
80 20
24 61
80 31
83 91
80 92
63 74
