4
59
12
13
64
85
22 99
0 58
29 99
42 54
49 10
57 99
42 94
42 19
76 5
97 49
97 96
8 49
27 10
27 34
27 48
27 93
25 58
85 99
25 28
4 77
93 70
95 23
43 38
54 96
23 65
23 66
23 62
46 17
46 34
46 3
85 36
45 88
53 89
98 35
80 73
58 44
88 96
98 68
15 45
84 64
84 28
84 75
41 18
84 37
11 18
31 20
31 94
2 68
74 29
2 50
91 11
17 29
26 69
40 18
92 16
26 74
16 18
26 64
75 39
1 54
30 17
65 78
30 71
30 40
78 90
30 83
68 38
4 89
69 60
7 50
4 70
61 48
35 28
35 37
55 24
52 79
71 58
52 56
52 17
79 86
20 69
49 19
69 28
69 48
49 66
