5
82
50
24
27
77
100
0 99
0 22
0 2
0 20
0 87
31 36
0 47
0 15
0 44
0 41
0 79
0 68
0 92
0 85
0 72
57 99
0 51
0 12
0 8
67 99
0 42
0 29
0 93
0 46
20 99
36 99
72 99
0 66
0 55
0 53
0 18
61 99
0 14
0 11
0 17
0 84
0 57
0 95
0 65
0 94
0 64
0 5
0 39
0 62
0 86
0 23
0 4
35 99
0 28
0 96
88 3
0 67
0 83
0 63
3 99
0 6
0 19
0 30
37 99
0 32
69 99
90 22
92 99
0 13
15 29
0 1
74 99
54 44
0 35
22 99
34 99
12 99
0 60
0 75
12 43
0 88
0 10
0 98
0 97
0 90
0 3
0 45
0 74
0 76
43 99
0 34
0 52
0 59
79 23
0 36
0 71
44 99
95 99
42 99
0 49
0 56
0 33
0 48
0 9
0 16
