5
73
12
62
63
11
100
18 94
51 94
0 29
0 32
0 18
0 84
65 82
62 94
0 16
0 77
49 94
59 94
0 46
78 93
22 6
0 43
0 38
0 28
0 58
0 23
71 8
0 19
6 94
34 94
0 9
0 86
4 94
32 93
0 71
0 1
0 15
0 87
0 91
0 39
0 80
0 17
0 82
0 25
87 94
0 89
53 92
53 80
53 62
47 94
53 27
53 69
66 84
11 94
53 34
53 2
53 51
53 54
84 94
53 52
53 28
8 94
93 94
53 87
53 19
7 46
53 83
53 36
53 78
53 37
53 15
53 41
81 5
81 2
81 80
81 17
81 34
81 56
81 49
81 1
81 78
58 32
22 45
81 31
81 21
81 82
81 83
23 47
23 24
23 92
23 41
89 27
23 58
23 35
23 22
23 37
23 25
23 62
13 46
13 57
13 71
46 17
13 37
13 40
13 61
13 8
