5
20
13
35
51
64
100
4 79
11 24
0 15
24 79
34 79
65 79
28 79
0 17
14 79
47 79
0 60
54 79
0 9
0 37
0 27
0 72
0 44
0 14
7 79
0 69
0 26
0 10
0 66
0 43
0 1
0 73
0 36
11 78
0 53
38 61
38 11
38 33
38 63
18 16
38 2
38 56
38 27
38 55
38 19
38 74
38 53
38 37
38 70
38 40
38 59
8 79
16 41
38 39
38 50
38 26
38 43
38 22
58 10
38 23
38 24
60 25
60 58
60 33
78 79
60 21
60 52
60 73
60 8
60 42
60 76
60 5
60 37
60 46
60 41
60 29
60 26
60 70
17 40
17 69
17 37
17 56
27 79
17 2
17 32
17 66
17 72
17 75
17 77
17 12
17 70
17 9
17 30
33 79
17 24
17 55
17 42
17 34
17 76
17 45
17 44
11 62
11 79
17 53
11 29
14 41
