5
4
59
64
43
78
100
0 18
0 9
0 65
28 21
28 53
62 99
20 99
28 32
38 71
38 60
38 41
38 63
20 18
20 75
20 27
20 14
20 47
26 64
26 80
21 49
26 7
26 11
26 82
19 99
39 99
12 21
35 99
71 19
73 13
12 40
12 52
12 9
12 32
53 33
14 8
14 15
14 84
14 9
14 32
14 97
14 58
36 33
11 54
11 8
11 21
92 33
50 33
11 98
11 58
11 55
83 57
61 33
69 33
73 33
76 3
83 92
83 90
83 24
39 60
39 29
39 98
39 65
39 93
39 52
82 78
82 37
40 22
64 3
82 16
62 3
96 3
82 88
82 46
82 43
82 84
82 10
53 81
53 9
69 37
53 19
53 10
69 50
6 3
69 86
69 34
69 46
72 3
69 88
67 98
40 98
69 75
91 98
71 52
51 62
60 52
42 52
76 52
51 78
51 94
9 68
