5
56
6
62
28
55
100
0 35
0 72
0 26
83 11
83 54
5 40
79 99
5 81
5 19
48 68
5 11
4 81
70 99
53 99
55 13
4 78
33 13
4 27
4 43
4 64
89 42
89 2
89 96
35 8
35 50
35 74
35 3
72 93
72 9
72 6
22 59
22 77
51 15
47 66
51 57
78 49
46 66
51 1
51 64
59 88
59 21
61 94
56 66
61 50
61 11
30 66
85 49
96 91
15 95
61 73
94 38
91 49
61 52
62 38
84 38
19 54
41 53
43 75
7 53
15 76
46 33
46 80
46 29
8 81
42 53
60 94
87 42
87 79
54 28
58 48
87 2
40 48
45 48
87 30
87 85
82 27
87 69
41 32
73 33
73 34
50 64
12 78
33 1
33 37
33 54
39 92
39 19
32 48
39 17
36 12
84 48
98 25
11 26
30 29
44 26
36 82
47 77
54 9
52 63
44 92
