5
67
26
30
3
5
100
0 49
0 40
0 28
0 89
45 99
0 74
0 94
0 39
0 86
4 77
4 49
4 67
4 23
4 44
4 35
44 99
76 17
46 99
27 17
4 32
4 61
4 86
4 81
37 83
37 50
37 16
15 99
17 99
80 99
37 21
94 87
94 11
22 60
62 60
79 10
94 82
79 60
94 72
94 5
94 79
94 3
93 80
93 83
93 48
93 9
93 82
93 53
93 13
93 77
93 27
93 78
36 81
36 50
36 75
36 70
36 52
36 46
36 85
36 30
38 74
38 25
38 51
38 2
38 58
38 48
38 60
38 89
38 17
38 84
56 61
56 86
10 60
56 14
56 66
56 74
56 95
56 71
56 1
8 77
52 60
88 60
86 60
25 60
66 60
27 97
8 64
33 45
5 82
97 60
42 87
8 55
8 2
8 32
8 47
33 22
8 11
8 75
8 97
8 62
58 46
