5
64
20
94
15
82
100
0 17
0 79
0 77
0 56
0 74
98 72
0 89
0 42
0 29
0 75
0 12
0 53
0 91
0 46
0 80
86 99
67 99
0 2
0 39
0 31
0 41
50 53
19 1
0 72
0 69
0 65
0 19
0 88
0 67
0 63
0 23
0 71
0 13
26 99
0 93
0 3
5 99
0 61
0 21
0 36
44 99
0 50
0 83
0 70
0 28
31 99
0 33
0 25
0 62
53 99
47 99
0 44
0 22
0 45
0 59
0 34
0 76
55 99
0 97
0 99
0 48
0 20
0 5
0 73
0 54
0 96
0 27
0 85
0 7
0 60
0 57
0 32
0 95
0 37
76 99
0 15
0 90
0 52
83 99
0 78
45 99
9 99
55 77
0 84
52 99
84 99
0 55
1 99
77 99
0 11
0 58
73 99
0 18
12 99
0 8
0 40
90 99
14 99
10 99
13 99
