5
28
27
69
97
8
100
0 16
0 71
0 21
0 23
36 99
0 17
85 99
0 82
0 27
0 65
0 57
0 91
0 94
11 99
36 96
0 14
0 39
0 81
0 47
1 99
0 92
25 99
50 99
93 99
0 36
75 99
54 99
0 80
0 96
0 9
0 29
0 58
10 64
0 45
18 99
64 99
9 99
87 70
0 33
0 87
31 99
13 99
77 99
24 99
0 10
0 3
0 72
13 41
0 67
0 35
0 90
0 4
41 99
62 99
74 59
0 42
0 79
0 99
0 49
0 19
0 64
0 43
0 59
0 48
0 50
0 85
0 61
0 22
0 55
0 88
0 13
0 24
9 14
0 18
0 34
0 89
59 99
0 32
0 62
0 38
0 30
0 46
54 15
0 75
0 66
0 51
0 15
0 56
0 68
0 74
0 6
4 99
0 20
0 93
0 95
0 53
0 73
0 11
0 63
0 2
