5
43
80
36
2
8
100
0 52
0 73
0 74
0 54
0 22
0 50
0 96
0 9
0 68
0 53
0 81
0 93
71 99
0 76
0 27
0 41
0 59
77 99
22 99
76 21
17 99
4 21
0 49
0 85
0 87
0 39
0 98
0 89
0 99
0 6
92 93
0 23
0 79
0 83
0 2
0 24
21 99
0 3
0 37
0 95
0 61
0 82
0 88
0 20
0 84
83 55
0 11
0 35
0 69
0 91
0 16
0 1
91 99
39 99
55 99
34 99
73 99
0 57
47 98
0 45
0 60
0 47
0 10
71 61
71 77
71 7
71 62
71 73
71 31
71 11
71 94
98 99
71 95
65 52
71 92
71 70
71 90
71 2
71 17
87 99
71 19
59 99
71 20
76 99
52 99
71 60
71 16
65 99
23 99
70 69
71 10
71 41
71 12
13 86
69 99
16 99
71 24
71 59
71 42
11 99
