2
45
89
100
0 99
0 62
0 72
0 48
0 25
0 35
98 57
0 21
0 61
0 27
0 55
0 65
0 14
0 41
0 94
0 67
0 73
0 54
0 91
0 70
0 15
0 16
0 97
0 92
0 90
0 2
0 98
0 57
0 23
0 81
80 99
76 99
57 99
0 77
0 10
0 71
0 3
0 47
0 79
0 12
44 99
0 80
85 58
0 49
0 38
0 37
0 88
59 99
77 58
0 13
0 84
0 63
33 87
0 30
0 56
0 59
56 99
0 50
0 83
0 60
53 8
58 99
0 26
0 17
0 43
0 36
8 99
0 46
84 15
73 99
87 99
0 1
15 99
0 53
0 66
0 52
0 76
38 99
0 69
75 3
0 4
0 40
0 68
0 28
0 5
0 78
0 24
0 86
0 82
0 18
0 74
0 7
0 87
0 93
33 25
33 23
33 70
12 99
33 61
33 91
