5
43
95
48
59
28
100
68 99
89 99
0 87
38 99
83 99
50 8
0 52
97 8
0 25
0 42
90 99
98 8
83 9
0 24
0 92
0 71
0 12
0 61
0 11
0 74
0 15
0 20
8 99
0 90
0 93
0 19
0 78
0 44
0 64
0 45
0 6
0 57
0 91
75 85
0 23
0 88
0 98
0 40
0 59
0 10
79 99
0 97
0 51
0 35
0 58
0 9
0 13
0 37
0 83
0 80
0 66
0 49
0 53
0 86
0 4
0 34
85 98
0 47
0 55
0 17
0 38
0 68
0 82
0 72
0 67
0 1
0 36
0 70
34 99
0 32
0 73
0 84
45 99
0 41
0 27
0 96
0 99
0 54
21 99
9 99
98 99
0 94
0 2
0 31
0 50
0 85
0 7
0 18
0 8
0 60
0 65
11 99
0 75
0 77
0 56
0 26
0 76
0 22
0 3
0 30
