5
27
20
9
28
13
100
22 29
0 45
0 34
0 3
14 42
32 12
32 30
32 51
32 40
34 11
32 17
32 57
11 15
32 34
37 29
32 3
32 4
32 53
32 36
48 25
48 40
48 18
34 10
34 43
34 36
34 3
18 16
10 52
10 14
10 26
46 56
46 3
2 8
2 50
2 26
57 14
43 24
43 44
21 29
47 59
21 41
21 30
21 14
21 40
31 59
56 52
16 29
56 17
12 59
56 51
56 41
56 3
13 59
56 53
58 40
58 44
58 42
29 59
44 40
13 5
25 5
58 19
53 12
53 49
53 36
1 30
6 26
42 30
6 38
6 37
6 51
6 19
6 25
4 26
31 15
31 12
31 49
50 49
50 25
36 51
37 19
36 44
36 14
36 49
44 12
35 16
35 25
44 11
44 37
11 3
22 19
11 25
11 14
33 45
38 22
15 12
15 7
37 49
30 47
52 12
