5
35
19
22
30
74
100
0 25
0 20
0 1
0 75
0 39
0 26
0 36
0 51
36 99
0 72
27 99
0 15
0 49
0 23
0 85
0 29
20 99
0 92
45 99
68 37
0 12
51 99
0 71
0 59
33 99
0 63
0 68
0 79
15 99
0 61
77 99
11 25
0 44
0 41
0 9
0 65
0 17
29 99
0 86
0 62
0 69
0 11
0 43
0 7
0 99
0 48
0 76
0 28
0 27
0 24
0 81
0 34
0 5
10 99
0 77
0 82
0 50
64 99
0 93
25 99
32 99
0 78
0 89
98 99
0 56
0 80
0 90
0 70
0 57
0 60
46 99
0 95
0 91
79 99
7 99
0 38
50 99
0 18
0 40
92 99
39 99
0 67
73 99
24 99
0 94
57 99
46 28
0 4
0 31
0 52
0 87
0 21
0 55
47 99
0 88
0 84
0 16
22 71
0 54
0 46
