5
33
80
17
72
53
100
42 99
76 99
0 68
0 18
0 52
49 99
0 13
0 23
0 8
0 43
0 28
0 54
68 99
0 46
0 10
0 50
0 98
0 25
0 95
0 39
64 16
7 79
0 2
0 21
0 6
83 66
0 64
0 47
16 99
58 26
0 86
0 97
0 69
0 89
0 5
0 58
0 67
0 73
0 65
0 56
0 7
0 38
77 99
0 71
0 85
0 78
0 99
0 66
0 36
0 90
0 83
0 4
0 60
3 79
5 99
0 94
0 81
0 82
0 24
0 16
0 37
0 45
0 35
0 29
0 59
0 92
0 74
0 42
0 20
55 92
0 31
0 15
0 62
0 49
89 14
0 77
55 79
0 26
0 40
0 3
0 22
0 51
0 55
0 61
0 87
0 76
0 44
0 9
35 14
66 99
0 79
0 70
0 32
71 78
0 27
0 48
0 91
0 30
0 93
0 19
