5
23
31
88
2
22
100
0 92
0 56
0 19
89 98
0 10
38 98
0 94
0 90
0 57
0 82
0 53
0 79
0 23
0 69
0 80
0 50
0 34
0 13
56 98
0 75
0 70
47 98
0 58
0 88
3 98
32 98
87 92
26 98
0 9
0 28
0 87
0 65
40 98
92 98
0 25
0 46
0 86
0 26
70 87
0 40
58 98
87 98
15 98
16 98
63 98
75 98
0 39
0 4
0 54
0 29
0 33
0 45
0 66
0 93
0 97
0 37
45 98
0 5
0 73
78 98
0 35
0 64
0 27
82 98
0 62
42 98
0 24
0 84
0 43
0 49
0 7
0 60
0 15
24 98
0 31
0 14
0 17
0 47
55 64
55 7
55 49
96 2
55 34
55 90
55 35
55 94
55 69
55 96
55 20
46 98
55 98
57 98
55 63
55 21
55 82
55 39
55 4
35 98
55 8
55 71
