5
21
45
63
85
22
91
7 99
0 37
0 36
89 99
82 64
0 22
0 3
1 63
1 5
1 22
1 4
1 26
13 28
1 2
77 96
92 14
92 50
92 46
92 3
25 54
15 45
15 58
14 55
14 18
4 6
4 16
30 53
30 43
2 88
49 10
49 96
49 44
13 5
13 24
13 42
53 50
53 40
60 89
56 35
56 40
56 82
56 81
56 93
56 19
56 76
33 57
56 60
74 51
66 39
36 8
36 97
36 46
50 22
50 98
50 34
72 28
46 85
50 79
87 72
87 88
84 55
84 79
84 82
91 44
46 93
12 57
46 89
6 69
31 65
44 69
19 18
7 81
46 58
46 47
72 73
98 11
12 75
12 5
6 10
17 59
17 11
23 62
8 67
8 33
42 67
48 89
80 20
75 89
48 29
48 41
33 6
