5
38
45
98
61
64
100
11 99
0 42
0 44
90 99
0 56
0 76
0 17
0 36
0 96
0 66
0 63
0 74
95 6
0 15
0 39
0 77
0 18
0 40
0 95
0 86
0 87
0 65
94 99
31 6
83 11
0 9
0 24
0 73
0 19
0 62
0 92
0 60
0 80
0 93
0 48
0 20
0 99
0 98
10 99
0 30
0 43
0 10
0 16
0 58
0 26
0 22
0 49
0 59
0 52
0 37
0 35
0 57
0 89
0 53
17 99
4 66
84 99
32 82
0 71
0 25
6 99
0 68
0 78
0 50
0 97
55 99
0 32
0 54
40 71
0 94
0 47
0 84
0 34
0 31
0 82
0 4
0 28
0 64
0 6
0 23
5 65
5 18
5 36
5 25
5 28
5 31
8 98
75 99
5 68
5 44
5 7
5 69
66 99
5 42
5 87
5 23
5 52
73 74
5 88
5 62
