5
72
66
25
34
71
100
0 99
0 26
0 78
0 87
33 99
0 23
0 85
20 99
0 28
0 43
0 86
0 13
0 20
0 98
0 52
46 99
0 48
0 51
0 82
0 64
0 37
17 99
81 99
0 24
0 39
0 67
0 33
74 47
0 6
0 41
49 99
0 32
0 29
0 9
47 99
0 12
60 99
0 68
0 92
0 94
0 7
0 4
0 89
9 3
79 35
0 76
0 58
0 19
0 17
35 99
30 27
0 38
32 99
0 22
0 44
14 99
0 75
0 91
0 71
0 55
0 11
0 83
0 14
55 99
0 16
53 3
86 99
3 99
0 31
0 77
0 57
40 31
40 89
40 30
40 96
40 69
40 79
97 89
40 14
40 99
40 60
40 27
40 12
40 62
40 23
40 42
40 65
28 99
50 99
40 78
74 57
40 97
73 99
89 99
51 99
98 99
40 74
40 33
40 29
40 9
