5
97
39
32
41
27
100
0 54
21 99
14 97
0 94
0 8
0 3
0 14
0 46
0 27
0 24
0 6
41 99
0 31
0 2
0 42
0 34
0 91
0 99
56 99
36 58
0 4
0 13
0 69
0 79
0 15
0 59
58 70
0 10
52 49
0 85
0 51
0 29
0 52
0 72
0 64
49 99
0 76
0 33
0 60
0 81
0 25
4 99
0 19
0 71
0 44
0 37
70 99
0 98
0 50
0 55
0 65
0 74
0 92
0 5
0 22
0 77
0 30
0 9
0 21
62 2
0 90
0 75
0 53
0 26
0 45
0 1
0 62
0 58
0 86
0 56
0 89
0 20
0 11
0 36
0 35
0 49
0 66
0 18
0 40
0 73
34 99
0 16
0 17
0 84
59 74
0 63
0 47
0 83
0 67
0 93
70 60
70 85
70 24
70 38
70 14
41 78
70 96
70 92
9 99
41 2
