5
85
50
78
38
14
100
0 3
67 99
1 46
74 99
1 85
78 99
1 39
2 23
2 3
72 51
87 99
2 61
51 99
2 71
11 10
11 12
97 98
73 98
33 38
18 17
33 84
33 32
33 34
39 40
33 86
40 17
16 17
33 36
87 82
33 91
55 56
55 45
83 82
55 18
53 9
53 64
86 10
48 81
87 97
87 9
78 79
87 94
87 75
87 3
87 13
8 7
87 88
5 6
21 22
69 6
21 20
70 4
10 4
5 4
91 95
91 92
89 67
25 24
25 26
57 56
48 47
70 71
70 23
70 16
70 94
30 9
46 13
9 4
56 4
69 68
69 57
20 95
69 29
35 34
59 60
59 46
10 3
97 96
61 66
29 92
74 92
61 43
20 19
31 18
61 60
62 74
62 76
77 39
63 60
77 73
63 64
77 27
75 74
75 67
16 5
15 22
20 83
37 10
8 9
20 84
