5
35
77
11
1
31
100
63 73
79 89
62 72
98 99
88 89
84 85
84 94
63 64
97 98
96 87
20 21
30 40
66 76
57 67
38 48
23 33
26 36
21 22
12 13
12 2
12 22
46 55
3 4
13 23
6 16
13 14
13 22
4 5
14 5
14 24
14 23
17 27
34 43
17 8
34 44
59 69
15 24
28 37
15 25
15 16
15 6
78 88
7 16
18 28
7 17
9 19
8 18
18 27
18 19
17 26
16 26
33 43
33 42
86 87
96 97
25 26
55 56
66 67
48 58
57 58
76 67
49 59
58 68
58 59
79 88
68 78
33 32
25 24
23 32
45 46
45 36
48 49
48 39
47 38
62 63
65 56
66 56
57 47
61 70
54 64
62 71
54 55
73 74
53 63
65 66
29 39
69 78
34 24
57 56
47 37
47 46
46 37
36 27
37 38
28 38
28 29
87 88
32 41
65 75
42 52
